# JRE version: OpenJDK Runtime Environment (11.0.5+10) (build 11.0.5+10-post-Debian-1deb10u1)
# Java VM: OpenJDK 64-Bit Server VM (11.0.5+10-post-Debian-1deb10u1, mixed mode, sharing, tiered, compressed oops, serial gc, linux-amd64)
Heap:
 def new generation   total 314624K, used 47566K [0x0000000080000000, 0x0000000095560000, 0x00000000aaaa0000)
  eden space 279680K,   4% used [0x0000000080000000, 0x0000000080c53a08, 0x0000000091120000)
  from space 34944K,  99% used [0x0000000093340000, 0x000000009555fff8, 0x0000000095560000)
  to   space 34944K,   0% used [0x0000000091120000, 0x0000000091120000, 0x0000000093340000)
 tenured generation   total 699072K, used 237156K [0x00000000aaaa0000, 0x00000000d5550000, 0x0000000100000000)
   the space 699072K,  33% used [0x00000000aaaa0000, 0x00000000b9239380, 0x00000000b9239400, 0x00000000d5550000)
 Metaspace       used 52011K, capacity 53123K, committed 53592K, reserved 1095680K
  class space    used 6504K, capacity 6863K, committed 7000K, reserved 1048576K
GC Heap History (20 events):
Event: 215.481 GC heap before
{Heap before GC invocations=5 (full 2):
 def new generation   total 314624K, used 300187K [0x0000000080000000, 0x0000000095560000, 0x00000000aaaa0000)
  eden space 279680K, 100% used [0x0000000080000000, 0x0000000091120000, 0x0000000091120000)
  from space 34944K,  58% used [0x0000000093340000, 0x0000000094746d68, 0x0000000095560000)
  to   space 34944K,   0% used [0x0000000091120000, 0x0000000091120000, 0x0000000093340000)
 tenured generation   total 699072K, used 160339K [0x00000000aaaa0000, 0x00000000d5550000, 0x0000000100000000)
   the space 699072K,  22% used [0x00000000aaaa0000, 0x00000000b4734c88, 0x00000000b4734e00, 0x00000000d5550000)
 Metaspace       used 42902K, capacity 43538K, committed 43992K, reserved 1087488K
  class space    used 5492K, capacity 5736K, committed 5848K, reserved 1048576K
}
Event: 215.558 GC heap after
{Heap after GC invocations=6 (full 2):
 def new generation   total 314624K, used 17610K [0x0000000080000000, 0x0000000095560000, 0x00000000aaaa0000)
  eden space 279680K,   0% used [0x0000000080000000, 0x0000000080000000, 0x0000000091120000)
  from space 34944K,  50% used [0x0000000091120000, 0x0000000092252a88, 0x0000000093340000)
  to   space 34944K,   0% used [0x0000000093340000, 0x0000000093340000, 0x0000000095560000)
 tenured generation   total 699072K, used 163377K [0x00000000aaaa0000, 0x00000000d5550000, 0x0000000100000000)
   the space 699072K,  23% used [0x00000000aaaa0000, 0x00000000b4a2c670, 0x00000000b4a2c800, 0x00000000d5550000)
 Metaspace       used 42902K, capacity 43538K, committed 43992K, reserved 1087488K
  class space    used 5492K, capacity 5736K, committed 5848K, reserved 1048576K
}
Event: 225.288 GC heap before
{Heap before GC invocations=6 (full 2):
 def new generation   total 314624K, used 297290K [0x0000000080000000, 0x0000000095560000, 0x00000000aaaa0000)
  eden space 279680K, 100% used [0x0000000080000000, 0x0000000091120000, 0x0000000091120000)
  from space 34944K,  50% used [0x0000000091120000, 0x0000000092252a88, 0x0000000093340000)
  to   space 34944K,   0% used [0x0000000093340000, 0x0000000093340000, 0x0000000095560000)
 tenured generation   total 699072K, used 163377K [0x00000000aaaa0000, 0x00000000d5550000, 0x0000000100000000)
   the space 699072K,  23% used [0x00000000aaaa0000, 0x00000000b4a2c670, 0x00000000b4a2c800, 0x00000000d5550000)
 Metaspace       used 43017K, capacity 43672K, committed 44248K, reserved 1087488K
  class space    used 5495K, capacity 5737K, committed 5848K, reserved 1048576K
}
Event: 225.462 GC heap after
{Heap after GC invocations=7 (full 2):
 def new generation   total 314624K, used 24009K [0x0000000080000000, 0x0000000095560000, 0x00000000aaaa0000)
  eden space 279680K,   0% used [0x0000000080000000, 0x0000000080000000, 0x0000000091120000)
  from space 34944K,  68% used [0x0000000093340000, 0x0000000094ab2548, 0x0000000095560000)
  to   space 34944K,   0% used [0x0000000091120000, 0x0000000091120000, 0x0000000093340000)
 tenured generation   total 699072K, used 177105K [0x00000000aaaa0000, 0x00000000d5550000, 0x0000000100000000)
   the space 699072K,  25% used [0x00000000aaaa0000, 0x00000000b57944c0, 0x00000000b5794600, 0x00000000d5550000)
 Metaspace       used 43017K, capacity 43672K, committed 44248K, reserved 1087488K
  class space    used 5495K, capacity 5737K, committed 5848K, reserved 1048576K
}
Event: 243.358 GC heap before
{Heap before GC invocations=7 (full 2):
 def new generation   total 314624K, used 303689K [0x0000000080000000, 0x0000000095560000, 0x00000000aaaa0000)
  eden space 279680K, 100% used [0x0000000080000000, 0x0000000091120000, 0x0000000091120000)
  from space 34944K,  68% used [0x0000000093340000, 0x0000000094ab2548, 0x0000000095560000)
  to   space 34944K,   0% used [0x0000000091120000, 0x0000000091120000, 0x0000000093340000)
 tenured generation   total 699072K, used 177105K [0x00000000aaaa0000, 0x00000000d5550000, 0x0000000100000000)
   the space 699072K,  25% used [0x00000000aaaa0000, 0x00000000b57944c0, 0x00000000b5794600, 0x00000000d5550000)
 Metaspace       used 43090K, capacity 43678K, committed 44248K, reserved 1087488K
  class space    used 5496K, capacity 5738K, committed 5848K, reserved 1048576K
}
Event: 243.438 GC heap after
{Heap after GC invocations=8 (full 2):
 def new generation   total 314624K, used 18859K [0x0000000080000000, 0x0000000095560000, 0x00000000aaaa0000)
  eden space 279680K,   0% used [0x0000000080000000, 0x0000000080000000, 0x0000000091120000)
  from space 34944K,  53% used [0x0000000091120000, 0x000000009238ac40, 0x0000000093340000)
  to   space 34944K,   0% used [0x0000000093340000, 0x0000000093340000, 0x0000000095560000)
 tenured generation   total 699072K, used 195889K [0x00000000aaaa0000, 0x00000000d5550000, 0x0000000100000000)
   the space 699072K,  28% used [0x00000000aaaa0000, 0x00000000b69ec6a8, 0x00000000b69ec800, 0x00000000d5550000)
 Metaspace       used 43090K, capacity 43678K, committed 44248K, reserved 1087488K
  class space    used 5496K, capacity 5738K, committed 5848K, reserved 1048576K
}
Event: 266.752 GC heap before
{Heap before GC invocations=8 (full 2):
 def new generation   total 314624K, used 298539K [0x0000000080000000, 0x0000000095560000, 0x00000000aaaa0000)
  eden space 279680K, 100% used [0x0000000080000000, 0x0000000091120000, 0x0000000091120000)
  from space 34944K,  53% used [0x0000000091120000, 0x000000009238ac40, 0x0000000093340000)
  to   space 34944K,   0% used [0x0000000093340000, 0x0000000093340000, 0x0000000095560000)
 tenured generation   total 699072K, used 195889K [0x00000000aaaa0000, 0x00000000d5550000, 0x0000000100000000)
   the space 699072K,  28% used [0x00000000aaaa0000, 0x00000000b69ec6a8, 0x00000000b69ec800, 0x00000000d5550000)
 Metaspace       used 43201K, capacity 43871K, committed 44504K, reserved 1087488K
  class space    used 5500K, capacity 5738K, committed 5848K, reserved 1048576K
}
Event: 266.808 GC heap after
{Heap after GC invocations=9 (full 2):
 def new generation   total 314624K, used 7629K [0x0000000080000000, 0x0000000095560000, 0x00000000aaaa0000)
  eden space 279680K,   0% used [0x0000000080000000, 0x0000000080000000, 0x0000000091120000)
  from space 34944K,  21% used [0x0000000093340000, 0x0000000093ab3448, 0x0000000095560000)
  to   space 34944K,   0% used [0x0000000091120000, 0x0000000091120000, 0x0000000093340000)
 tenured generation   total 699072K, used 206672K [0x00000000aaaa0000, 0x00000000d5550000, 0x0000000100000000)
   the space 699072K,  29% used [0x00000000aaaa0000, 0x00000000b74741a8, 0x00000000b7474200, 0x00000000d5550000)
 Metaspace       used 43201K, capacity 43871K, committed 44504K, reserved 1087488K
  class space    used 5500K, capacity 5738K, committed 5848K, reserved 1048576K
}
Event: 303.268 GC heap before
{Heap before GC invocations=9 (full 2):
 def new generation   total 314624K, used 287309K [0x0000000080000000, 0x0000000095560000, 0x00000000aaaa0000)
  eden space 279680K, 100% used [0x0000000080000000, 0x0000000091120000, 0x0000000091120000)
  from space 34944K,  21% used [0x0000000093340000, 0x0000000093ab3448, 0x0000000095560000)
  to   space 34944K,   0% used [0x0000000091120000, 0x0000000091120000, 0x0000000093340000)
 tenured generation   total 699072K, used 206672K [0x00000000aaaa0000, 0x00000000d5550000, 0x0000000100000000)
   the space 699072K,  29% used [0x00000000aaaa0000, 0x00000000b74741a8, 0x00000000b7474200, 0x00000000d5550000)
 Metaspace       used 43327K, capacity 43941K, committed 44504K, reserved 1087488K
  class space    used 5507K, capacity 5739K, committed 5848K, reserved 1048576K
}
Event: 303.295 GC heap after
{Heap after GC invocations=10 (full 2):
 def new generation   total 314624K, used 14337K [0x0000000080000000, 0x0000000095560000, 0x00000000aaaa0000)
  eden space 279680K,   0% used [0x0000000080000000, 0x0000000080000000, 0x0000000091120000)
  from space 34944K,  41% used [0x0000000091120000, 0x0000000091f20530, 0x0000000093340000)
  to   space 34944K,   0% used [0x0000000093340000, 0x0000000093340000, 0x0000000095560000)
 tenured generation   total 699072K, used 206672K [0x00000000aaaa0000, 0x00000000d5550000, 0x0000000100000000)
   the space 699072K,  29% used [0x00000000aaaa0000, 0x00000000b74741a8, 0x00000000b7474200, 0x00000000d5550000)
 Metaspace       used 43327K, capacity 43941K, committed 44504K, reserved 1087488K
  class space    used 5507K, capacity 5739K, committed 5848K, reserved 1048576K
}
Event: 325.870 GC heap before
{Heap before GC invocations=10 (full 2):
 def new generation   total 314624K, used 294017K [0x0000000080000000, 0x0000000095560000, 0x00000000aaaa0000)
  eden space 279680K, 100% used [0x0000000080000000, 0x0000000091120000, 0x0000000091120000)
  from space 34944K,  41% used [0x0000000091120000, 0x0000000091f20530, 0x0000000093340000)
  to   space 34944K,   0% used [0x0000000093340000, 0x0000000093340000, 0x0000000095560000)
 tenured generation   total 699072K, used 206672K [0x00000000aaaa0000, 0x00000000d5550000, 0x0000000100000000)
   the space 699072K,  29% used [0x00000000aaaa0000, 0x00000000b74741a8, 0x00000000b7474200, 0x00000000d5550000)
 Metaspace       used 45594K, capacity 46208K, committed 46808K, reserved 1089536K
  class space    used 5749K, capacity 5975K, committed 6104K, reserved 1048576K
}
Event: 325.911 GC heap after
{Heap after GC invocations=11 (full 2):
 def new generation   total 314624K, used 25254K [0x0000000080000000, 0x0000000095560000, 0x00000000aaaa0000)
  eden space 279680K,   0% used [0x0000000080000000, 0x0000000080000000, 0x0000000091120000)
  from space 34944K,  72% used [0x0000000093340000, 0x0000000094be98f0, 0x0000000095560000)
  to   space 34944K,   0% used [0x0000000091120000, 0x0000000091120000, 0x0000000093340000)
 tenured generation   total 699072K, used 206672K [0x00000000aaaa0000, 0x00000000d5550000, 0x0000000100000000)
   the space 699072K,  29% used [0x00000000aaaa0000, 0x00000000b74741a8, 0x00000000b7474200, 0x00000000d5550000)
 Metaspace       used 45594K, capacity 46208K, committed 46808K, reserved 1089536K
  class space    used 5749K, capacity 5975K, committed 6104K, reserved 1048576K
}
Event: 369.736 GC heap before
{Heap before GC invocations=11 (full 2):
 def new generation   total 314624K, used 304934K [0x0000000080000000, 0x0000000095560000, 0x00000000aaaa0000)
  eden space 279680K, 100% used [0x0000000080000000, 0x0000000091120000, 0x0000000091120000)
  from space 34944K,  72% used [0x0000000093340000, 0x0000000094be98f0, 0x0000000095560000)
  to   space 34944K,   0% used [0x0000000091120000, 0x0000000091120000, 0x0000000093340000)
 tenured generation   total 699072K, used 206672K [0x00000000aaaa0000, 0x00000000d5550000, 0x0000000100000000)
   the space 699072K,  29% used [0x00000000aaaa0000, 0x00000000b74741a8, 0x00000000b7474200, 0x00000000d5550000)
 Metaspace       used 48146K, capacity 48705K, committed 49368K, reserved 1091584K
  class space    used 6056K, capacity 6270K, committed 6360K, reserved 1048576K
}
Event: 369.876 GC heap after
{Heap after GC invocations=12 (full 2):
 def new generation   total 314624K, used 8177K [0x0000000080000000, 0x0000000095560000, 0x00000000aaaa0000)
  eden space 279680K,   0% used [0x0000000080000000, 0x0000000080000000, 0x0000000091120000)
  from space 34944K,  23% used [0x0000000091120000, 0x000000009191c4e8, 0x0000000093340000)
  to   space 34944K,   0% used [0x0000000093340000, 0x0000000093340000, 0x0000000095560000)
 tenured generation   total 699072K, used 220021K [0x00000000aaaa0000, 0x00000000d5550000, 0x0000000100000000)
   the space 699072K,  31% used [0x00000000aaaa0000, 0x00000000b817d5a0, 0x00000000b817d600, 0x00000000d5550000)
 Metaspace       used 48146K, capacity 48705K, committed 49368K, reserved 1091584K
  class space    used 6056K, capacity 6270K, committed 6360K, reserved 1048576K
}
Event: 419.361 GC heap before
{Heap before GC invocations=12 (full 2):
 def new generation   total 314624K, used 287857K [0x0000000080000000, 0x0000000095560000, 0x00000000aaaa0000)
  eden space 279680K, 100% used [0x0000000080000000, 0x0000000091120000, 0x0000000091120000)
  from space 34944K,  23% used [0x0000000091120000, 0x000000009191c4e8, 0x0000000093340000)
  to   space 34944K,   0% used [0x0000000093340000, 0x0000000093340000, 0x0000000095560000)
 tenured generation   total 699072K, used 220021K [0x00000000aaaa0000, 0x00000000d5550000, 0x0000000100000000)
   the space 699072K,  31% used [0x00000000aaaa0000, 0x00000000b817d5a0, 0x00000000b817d600, 0x00000000d5550000)
 Metaspace       used 48217K, capacity 48807K, committed 49368K, reserved 1091584K
  class space    used 6059K, capacity 6303K, committed 6360K, reserved 1048576K
}
Event: 419.399 GC heap after
{Heap after GC invocations=13 (full 2):
 def new generation   total 314624K, used 14777K [0x0000000080000000, 0x0000000095560000, 0x00000000aaaa0000)
  eden space 279680K,   0% used [0x0000000080000000, 0x0000000080000000, 0x0000000091120000)
  from space 34944K,  42% used [0x0000000093340000, 0x00000000941ae718, 0x0000000095560000)
  to   space 34944K,   0% used [0x0000000091120000, 0x0000000091120000, 0x0000000093340000)
 tenured generation   total 699072K, used 220021K [0x00000000aaaa0000, 0x00000000d5550000, 0x0000000100000000)
   the space 699072K,  31% used [0x00000000aaaa0000, 0x00000000b817d5a0, 0x00000000b817d600, 0x00000000d5550000)
 Metaspace       used 48217K, capacity 48807K, committed 49368K, reserved 1091584K
  class space    used 6059K, capacity 6303K, committed 6360K, reserved 1048576K
}
Event: 458.768 GC heap before
{Heap before GC invocations=13 (full 2):
 def new generation   total 314624K, used 294457K [0x0000000080000000, 0x0000000095560000, 0x00000000aaaa0000)
  eden space 279680K, 100% used [0x0000000080000000, 0x0000000091120000, 0x0000000091120000)
  from space 34944K,  42% used [0x0000000093340000, 0x00000000941ae718, 0x0000000095560000)
  to   space 34944K,   0% used [0x0000000091120000, 0x0000000091120000, 0x0000000093340000)
 tenured generation   total 699072K, used 220021K [0x00000000aaaa0000, 0x00000000d5550000, 0x0000000100000000)
   the space 699072K,  31% used [0x00000000aaaa0000, 0x00000000b817d5a0, 0x00000000b817d600, 0x00000000d5550000)
 Metaspace       used 48240K, capacity 48889K, committed 49368K, reserved 1091584K
  class space    used 6061K, capacity 6306K, committed 6360K, reserved 1048576K
}
Event: 458.836 GC heap after
{Heap after GC invocations=14 (full 2):
 def new generation   total 314624K, used 18922K [0x0000000080000000, 0x0000000095560000, 0x00000000aaaa0000)
  eden space 279680K,   0% used [0x0000000080000000, 0x0000000080000000, 0x0000000091120000)
  from space 34944K,  54% used [0x0000000091120000, 0x000000009239aa20, 0x0000000093340000)
  to   space 34944K,   0% used [0x0000000093340000, 0x0000000093340000, 0x0000000095560000)
 tenured generation   total 699072K, used 220021K [0x00000000aaaa0000, 0x00000000d5550000, 0x0000000100000000)
   the space 699072K,  31% used [0x00000000aaaa0000, 0x00000000b817d5a0, 0x00000000b817d600, 0x00000000d5550000)
 Metaspace       used 48240K, capacity 48889K, committed 49368K, reserved 1091584K
  class space    used 6061K, capacity 6306K, committed 6360K, reserved 1048576K
}
Event: 558.919 GC heap before
{Heap before GC invocations=14 (full 2):
 def new generation   total 314624K, used 298602K [0x0000000080000000, 0x0000000095560000, 0x00000000aaaa0000)
  eden space 279680K, 100% used [0x0000000080000000, 0x0000000091120000, 0x0000000091120000)
  from space 34944K,  54% used [0x0000000091120000, 0x000000009239aa20, 0x0000000093340000)
  to   space 34944K,   0% used [0x0000000093340000, 0x0000000093340000, 0x0000000095560000)
 tenured generation   total 699072K, used 220021K [0x00000000aaaa0000, 0x00000000d5550000, 0x0000000100000000)
   the space 699072K,  31% used [0x00000000aaaa0000, 0x00000000b817d5a0, 0x00000000b817d600, 0x00000000d5550000)
 Metaspace       used 51509K, capacity 52655K, committed 53208K, reserved 1095680K
  class space    used 6438K, capacity 6796K, committed 6872K, reserved 1048576K
}
Event: 559.295 GC heap after
{Heap after GC invocations=15 (full 2):
 def new generation   total 314624K, used 34943K [0x0000000080000000, 0x0000000095560000, 0x00000000aaaa0000)
  eden space 279680K,   0% used [0x0000000080000000, 0x0000000080000000, 0x0000000091120000)
  from space 34944K,  99% used [0x0000000093340000, 0x000000009555fff8, 0x0000000095560000)
  to   space 34944K,   0% used [0x0000000091120000, 0x0000000091120000, 0x0000000093340000)
 tenured generation   total 699072K, used 237156K [0x00000000aaaa0000, 0x00000000d5550000, 0x0000000100000000)
   the space 699072K,  33% used [0x00000000aaaa0000, 0x00000000b9239380, 0x00000000b9239400, 0x00000000d5550000)
 Metaspace       used 51509K, capacity 52655K, committed 53208K, reserved 1095680K
  class space    used 6438K, capacity 6796K, committed 6872K, reserved 1048576K
}

